QUIZ 3
ngram 4

live and I'd


me about his


artic monkeys this


helps reduce your


to take a
freq.4.blogs.txt:  67 to take a look
freq.4.blogs.txt:   1 roberto take a look
freq.4.news.txt:  26 to take a look
freq.4.twitter.txt:  34 to take a look
freq.4.blogs.txt:  14 to take a walk
freq.4.news.txt:   3 to take a walk
freq.4.twitter.txt:   4 to take a walk
freq.4.blogs.txt:  73 to take a picture
freq.4.news.txt:   7 to take a picture
freq.4.twitter.txt:  30 to take a picture
freq.4.blogs.txt:   8 to take a minute
freq.4.twitter.txt:   1 to take a minute


to settle the
freq.4.blogs.txt:   1 to settle the account
freq.4.blogs.txt:   2 to settle the case
freq.4.news.txt:  11 to settle the case
freq.4.blogs.txt:   1 to settle the matter


groceries in each


bottom to the
freq.4.blogs.txt:   2 bottom to the top
freq.4.twitter.txt:   5 bottom to the top


bruises from playing


of adam sandler's


